<?xml version="1.0" encoding="UTF-8"?>
<!-- Generated by org.testng.reporters.JUnitReportReporter -->
<testsuite skipped="0" hostname="DESKTOP-BOFIN8C" name="Vluong_Day11.LoginUser" tests="7" failures="0" timestamp="2023-07-05T17:30:38 ICT" time="43.515" errors="0">
  <testcase name="TC_007LoginWithWrongPass" time="4.391" classname="Vluong_Day11.LoginUser"/>
  <system-out/>
  <testcase name="TC_006LoginWithWrongEmail" time="4.434" classname="Vluong_Day11.LoginUser"/>
  <system-out/>
  <testcase name="TC_009UserCanLogout" time="15.065" classname="Vluong_Day11.LoginUser"/>
  <system-out/>
  <testcase name="TC_008LoginSuccessfuly" time="6.199" classname="Vluong_Day11.LoginUser"/>
  <system-out/>
  <testcase name="TC_005LoginWithEmtyPass" time="5.172" classname="Vluong_Day11.LoginUser"/>
  <system-out/>
  <testcase name="TC_004LoginWithEmtyEmail" time="3.375" classname="Vluong_Day11.LoginUser"/>
  <system-out/>
  <testcase name="TC_003LoginWithWrongFormatEmail" time="4.879" classname="Vluong_Day11.LoginUser"/>
  <system-out/>
</testsuite> <!-- Vluong_Day11.LoginUser -->
