<?xml version="1.0" encoding="UTF-8"?>
<!-- Generated by org.testng.reporters.JUnitReportReporter -->
<testsuite skipped="0" hostname="DESKTOP-BOFIN8C" name="Vluong_Day11.AddCart" tests="5" failures="0" timestamp="2023-07-01T16:28:30 ICT" time="57.315" errors="0">
  <testcase name="TC_011VerifySubscriptioninCartpage" time="7.320" classname="Vluong_Day11.AddCart"/>
  <system-out/>
  <testcase name="TC_014VerifyRemoveProductsInCart" time="11.972" classname="Vluong_Day11.AddCart"/>
  <system-out/>
  <testcase name="TC_015VerifyCheckOutInCart" time="17.430" classname="Vluong_Day11.AddCart"/>
  <system-out/>
  <testcase name="TC_013VerifyProductsQuantityInCart" time="7.926" classname="Vluong_Day11.AddCart"/>
  <system-out/>
  <testcase name="TC_012VerifyMoreProductsOfTheSametype" time="12.667" classname="Vluong_Day11.AddCart"/>
  <system-out/>
</testsuite> <!-- Vluong_Day11.AddCart -->
