<?xml version="1.0" encoding="UTF-8"?>
<!-- Generated by org.testng.reporters.JUnitReportReporter -->
<testsuite skipped="0" hostname="DESKTOP-BOFIN8C" name="Vluong_Day11.Information_Product" tests="1" failures="0" timestamp="2023-07-01T16:28:30 ICT" time="19.399" errors="0">
  <testcase name="TC_010InforItemWomen" time="19.399" classname="Vluong_Day11.Information_Product"/>
  <system-out/>
</testsuite> <!-- Vluong_Day11.Information_Product -->
