<?xml version="1.0" encoding="UTF-8"?>
<!-- Generated by org.testng.reporters.JUnitReportReporter -->
<testsuite skipped="0" hostname="DESKTOP-BOFIN8C" name="Vluong_Day11.Information_Product" tests="1" failures="0" timestamp="2023-07-11T23:04:23 ICT" time="16.008" errors="0">
  <testcase name="TC_010InforItemWomen" time="16.008" classname="Vluong_Day11.Information_Product"/>
  <system-out/>
</testsuite> <!-- Vluong_Day11.Information_Product -->
