<?xml version="1.0" encoding="UTF-8"?>
<!-- Generated by org.testng.reporters.JUnitReportReporter -->
<testsuite skipped="0" hostname="DESKTOP-BOFIN8C" name="Vluong_Day11.RegisterUser" tests="2" failures="0" timestamp="2023-06-21T19:23:55 ICT" time="28.411" errors="0">
  <testcase name="TC_001RegisterNewUser" time="13.944" classname="Vluong_Day11.RegisterUser"/>
  <system-out/>
  <testcase name="TC_002RegisterNewUserWithExistingEmail" time="14.467" classname="Vluong_Day11.RegisterUser"/>
  <system-out/>
</testsuite> <!-- Vluong_Day11.RegisterUser -->
