<?xml version="1.0" encoding="UTF-8"?>
<!-- Generated by org.testng.reporters.JUnitReportReporter -->
<testsuite skipped="0" hostname="DESKTOP-BOFIN8C" name="Vluong_Day11.RegisterUser" tests="2" failures="0" timestamp="2023-07-05T17:30:38 ICT" time="29.046" errors="0">
  <testcase name="TC_002RegisterNewUserWithExistingEmail" time="6.598" classname="Vluong_Day11.RegisterUser"/>
  <system-out/>
  <testcase name="TC_001RegisterNewUser" time="22.448" classname="Vluong_Day11.RegisterUser"/>
  <system-out/>
</testsuite> <!-- Vluong_Day11.RegisterUser -->
