<?xml version="1.0" encoding="UTF-8"?>
<!-- Generated by org.testng.reporters.JUnitReportReporter -->
<testsuite skipped="0" hostname="DESKTOP-BOFIN8C" name="Vluong_Day11.AddCart" tests="5" failures="0" timestamp="2023-09-13T19:31:42 ICT" time="46.365" errors="0">
  <testcase name="TC_015VerifyCheckOutInCart" time="18.114" classname="Vluong_Day11.AddCart"/>
  <system-out/>
  <testcase name="TC_011VerifySubscriptioninCartpage" time="4.288" classname="Vluong_Day11.AddCart"/>
  <system-out/>
  <testcase name="TC_014VerifyRemoveProductsInCart" time="8.951" classname="Vluong_Day11.AddCart"/>
  <system-out/>
  <testcase name="TC_013VerifyProductsQuantityInCart" time="9.802" classname="Vluong_Day11.AddCart"/>
  <system-out/>
  <testcase name="TC_012VerifyMoreProductsOfTheSametype" time="5.210" classname="Vluong_Day11.AddCart"/>
  <system-out/>
</testsuite> <!-- Vluong_Day11.AddCart -->
