<?xml version="1.0" encoding="UTF-8"?>
<!-- Generated by org.testng.reporters.JUnitReportReporter -->
<testsuite skipped="0" hostname="DESKTOP-BOFIN8C" name="Vluong_Day11.AddCart" tests="5" failures="0" timestamp="2023-07-05T17:30:38 ICT" time="31.574" errors="0">
  <testcase name="TC_013VerifyProductsQuantityInCart" time="3.868" classname="Vluong_Day11.AddCart"/>
  <system-out/>
  <testcase name="TC_014VerifyRemoveProductsInCart" time="5.295" classname="Vluong_Day11.AddCart"/>
  <system-out/>
  <testcase name="TC_015VerifyCheckOutInCart" time="15.644" classname="Vluong_Day11.AddCart"/>
  <system-out/>
  <testcase name="TC_011VerifySubscriptioninCartpage" time="4.172" classname="Vluong_Day11.AddCart"/>
  <system-out/>
  <testcase name="TC_012VerifyMoreProductsOfTheSametype" time="2.595" classname="Vluong_Day11.AddCart"/>
  <system-out/>
</testsuite> <!-- Vluong_Day11.AddCart -->
