<?xml version="1.0" encoding="UTF-8"?>
<!-- Generated by org.testng.reporters.JUnitReportReporter -->
<testsuite skipped="0" hostname="DESKTOP-BOFIN8C" name="Vluong_Day11.AddCart" tests="5" failures="0" timestamp="2023-09-13T01:53:37 ICT" time="43.966" errors="0">
  <testcase name="TC_015VerifyCheckOutInCart" time="14.388" classname="Vluong_Day11.AddCart"/>
  <system-out/>
  <testcase name="TC_011VerifySubscriptioninCartpage" time="4.325" classname="Vluong_Day11.AddCart"/>
  <system-out/>
  <testcase name="TC_014VerifyRemoveProductsInCart" time="9.104" classname="Vluong_Day11.AddCart"/>
  <system-out/>
  <testcase name="TC_013VerifyProductsQuantityInCart" time="8.864" classname="Vluong_Day11.AddCart"/>
  <system-out/>
  <testcase name="TC_012VerifyMoreProductsOfTheSametype" time="7.285" classname="Vluong_Day11.AddCart"/>
  <system-out/>
</testsuite> <!-- Vluong_Day11.AddCart -->
