<?xml version="1.0" encoding="UTF-8"?>
<!-- Generated by org.testng.reporters.JUnitReportReporter -->
<testsuite skipped="0" hostname="DESKTOP-BOFIN8C" name="Vluong_Day11.Appium_Action" tests="2" failures="0" timestamp="2023-09-20T18:33:33 ICT" time="7.588" errors="0">
  <testcase name="DemoApp" time="4.094" classname="Vluong_Day11.Appium_Action"/>
  <system-out/>
  <testcase name="DemoApp" time="3.494" classname="Vluong_Day11.Appium_Action"/>
  <system-out/>
</testsuite> <!-- Vluong_Day11.Appium_Action -->
