<?xml version="1.0" encoding="UTF-8"?>
<!-- Generated by org.testng.reporters.JUnitReportReporter -->
<testsuite skipped="2" hostname="DESKTOP-BOFIN8C" name="Vluong_Day11.LoginUser" tests="8" failures="0" timestamp="2023-06-24T18:01:23 ICT" time="44.603" errors="2">
  <testcase name="TC_003LoginWithWrongFormatEmail" time="9.182" classname="Vluong_Day11.LoginUser"/>
  <system-out/>
  <testcase name="TC_005LoginWithEmtyPass" time="13.027" classname="Vluong_Day11.LoginUser"/>
  <system-out/>
  <testcase name="TC_004LoginWithEmtyEmail" time="6.739" classname="Vluong_Day11.LoginUser"/>
  <system-out/>
  <testcase name="TC_008LoginSuccessfuly" time="3.023" classname="Vluong_Day11.LoginUser">
    <skipped/>
  </testcase> <!-- TC_008LoginSuccessfuly -->
  <system-out/>
  <testcase name="TC_006LoginWithWrongEmail" time="5.891" classname="Vluong_Day11.LoginUser"/>
  <system-out/>
  <testcase name="TC_007LoginWithWrongPass" time="4.230" classname="Vluong_Day11.LoginUser">
    <error type="org.openqa.selenium.NoSuchElementException" message="Unable to find element with locator By.xpath: //a[@href=&#039;/login&#039;]
For documentation on this error, please visit: https://selenium.dev/exceptions/#no_such_element
Build info: version: &#039;4.8.1&#039;, revision: &#039;8ebccac989&#039;
System info: os.name: &#039;Windows 10&#039;, os.arch: &#039;amd64&#039;, os.version: &#039;10.0&#039;, java.version: &#039;1.8.0_361&#039;
Driver info: driver.version: RemoteWebDriver">
      <![CDATA[org.openqa.selenium.NoSuchElementException: Unable to find element with locator By.xpath: //a[@href='/login']
For documentation on this error, please visit: https://selenium.dev/exceptions/#no_such_element
Build info: version: '4.8.1', revision: '8ebccac989'
System info: os.name: 'Windows 10', os.arch: 'amd64', os.version: '10.0', java.version: '1.8.0_361'
Driver info: driver.version: RemoteWebDriver
at org.openqa.selenium.remote.ElementLocation$ElementFinder$2.findElement(ElementLocation.java:165)
at org.openqa.selenium.remote.ElementLocation.findElement(ElementLocation.java:60)
at org.openqa.selenium.remote.RemoteWebDriver.findElement(RemoteWebDriver.java:352)
at org.openqa.selenium.remote.RemoteWebDriver.findElement(RemoteWebDriver.java:344)
at Commons.CommonFunc.element_click(CommonFunc.java:58)
at baseObjects.Page_Login.access_login(Page_Login.java:52)
at Vluong_Day11.LoginUser.TC_007LoginWithWrongPass(LoginUser.java:72)
at sun.reflect.NativeMethodAccessorImpl.invoke0(Native Method)
at sun.reflect.NativeMethodAccessorImpl.invoke(Unknown Source)
at sun.reflect.DelegatingMethodAccessorImpl.invoke(Unknown Source)
at java.lang.reflect.Method.invoke(Unknown Source)
at org.testng.internal.MethodInvocationHelper.invokeMethod(MethodInvocationHelper.java:133)
at org.testng.internal.TestInvoker.invokeMethod(TestInvoker.java:598)
at org.testng.internal.TestInvoker.invokeTestMethod(TestInvoker.java:173)
at org.testng.internal.MethodRunner.runInSequence(MethodRunner.java:46)
at org.testng.internal.TestInvoker$MethodInvocationAgent.invoke(TestInvoker.java:824)
at org.testng.internal.TestInvoker.invokeTestMethods(TestInvoker.java:146)
at org.testng.internal.TestMethodWorker.invokeTestMethods(TestMethodWorker.java:146)
at org.testng.internal.TestMethodWorker.run(TestMethodWorker.java:128)
at java.util.ArrayList.forEach(Unknown Source)
at org.testng.TestRunner.privateRun(TestRunner.java:794)
at org.testng.TestRunner.run(TestRunner.java:596)
at org.testng.SuiteRunner.runTest(SuiteRunner.java:377)
at org.testng.SuiteRunner.runSequentially(SuiteRunner.java:371)
at org.testng.SuiteRunner.privateRun(SuiteRunner.java:332)
at org.testng.SuiteRunner.run(SuiteRunner.java:276)
at org.testng.SuiteRunnerWorker.runSuite(SuiteRunnerWorker.java:53)
at org.testng.SuiteRunnerWorker.run(SuiteRunnerWorker.java:96)
at org.testng.TestNG.runSuitesSequentially(TestNG.java:1212)
at org.testng.TestNG.runSuitesLocally(TestNG.java:1134)
at org.testng.TestNG.runSuites(TestNG.java:1063)
at org.testng.TestNG.run(TestNG.java:1031)
at org.testng.remote.AbstractRemoteTestNG.run(AbstractRemoteTestNG.java:115)
at org.testng.remote.RemoteTestNG.initAndRun(RemoteTestNG.java:251)
at org.testng.remote.RemoteTestNG.main(RemoteTestNG.java:77)
]]>
    </error>
  </testcase> <!-- TC_007LoginWithWrongPass -->
  <system-out/>
  <testcase name="TC_009UserCanLogout" time="0.000" classname="Vluong_Day11.LoginUser">
    <skipped/>
  </testcase> <!-- TC_009UserCanLogout -->
  <system-out/>
  <testcase name="saveAttachment" time="2.511" classname="Vluong_Day11.LoginUser">
    <error type="org.openqa.selenium.NoSuchWindowException" message="no such window: target window already closed
from unknown error: web view not found
  (Session info: chrome=114.0.5735.134)
Build info: version: &#039;4.8.1&#039;, revision: &#039;8ebccac989&#039;
System info: os.name: &#039;Windows 10&#039;, os.arch: &#039;amd64&#039;, os.version: &#039;10.0&#039;, java.version: &#039;1.8.0_361&#039;
Driver info: org.openqa.selenium.chrome.ChromeDriver
Command: [4c81443b5b8f9ef00d465a79af710e3a, screenshot {}]
Capabilities {acceptInsecureCerts: false, browserName: chrome, browserVersion: 114.0.5735.134, chrome: {chromedriverVersion: 114.0.5735.90 (386bc09e8f4f..., userDataDir: C:\Users\VuLuong\AppData\Lo...}, goog:chromeOptions: {debuggerAddress: localhost:61980}, networkConnectionEnabled: false, pageLoadStrategy: normal, platformName: WINDOWS, proxy: Proxy(), se:cdp: ws://localhost:61980/devtoo..., se:cdpVersion: 114.0.5735.134, setWindowRect: true, strictFileInteractability: false, timeouts: {implicit: 0, pageLoad: 300000, script: 30000}, unhandledPromptBehavior: dismiss and notify, webauthn:extension:credBlob: true, webauthn:extension:largeBlob: true, webauthn:extension:minPinLength: true, webauthn:extension:prf: true, webauthn:virtualAuthenticators: true}
Session ID: 4c81443b5b8f9ef00d465a79af710e3a">
      <![CDATA[org.openqa.selenium.NoSuchWindowException: no such window: target window already closed
from unknown error: web view not found
  (Session info: chrome=114.0.5735.134)
Build info: version: '4.8.1', revision: '8ebccac989'
System info: os.name: 'Windows 10', os.arch: 'amd64', os.version: '10.0', java.version: '1.8.0_361'
Driver info: org.openqa.selenium.chrome.ChromeDriver
Command: [4c81443b5b8f9ef00d465a79af710e3a, screenshot {}]
Capabilities {acceptInsecureCerts: false, browserName: chrome, browserVersion: 114.0.5735.134, chrome: {chromedriverVersion: 114.0.5735.90 (386bc09e8f4f..., userDataDir: C:\Users\VuLuong\AppData\Lo...}, goog:chromeOptions: {debuggerAddress: localhost:61980}, networkConnectionEnabled: false, pageLoadStrategy: normal, platformName: WINDOWS, proxy: Proxy(), se:cdp: ws://localhost:61980/devtoo..., se:cdpVersion: 114.0.5735.134, setWindowRect: true, strictFileInteractability: false, timeouts: {implicit: 0, pageLoad: 300000, script: 30000}, unhandledPromptBehavior: dismiss and notify, webauthn:extension:credBlob: true, webauthn:extension:largeBlob: true, webauthn:extension:minPinLength: true, webauthn:extension:prf: true, webauthn:virtualAuthenticators: true}
Session ID: 4c81443b5b8f9ef00d465a79af710e3a
at sun.reflect.NativeConstructorAccessorImpl.newInstance0(Native Method)
at sun.reflect.NativeConstructorAccessorImpl.newInstance(Unknown Source)
at sun.reflect.DelegatingConstructorAccessorImpl.newInstance(Unknown Source)
at java.lang.reflect.Constructor.newInstance(Unknown Source)
at org.openqa.selenium.remote.codec.w3c.W3CHttpResponseCodec.createException(W3CHttpResponseCodec.java:200)
at org.openqa.selenium.remote.codec.w3c.W3CHttpResponseCodec.decode(W3CHttpResponseCodec.java:133)
at org.openqa.selenium.remote.codec.w3c.W3CHttpResponseCodec.decode(W3CHttpResponseCodec.java:53)
at org.openqa.selenium.remote.HttpCommandExecutor.execute(HttpCommandExecutor.java:184)
at org.openqa.selenium.remote.service.DriverCommandExecutor.invokeExecute(DriverCommandExecutor.java:167)
at org.openqa.selenium.remote.service.DriverCommandExecutor.execute(DriverCommandExecutor.java:142)
at org.openqa.selenium.remote.RemoteWebDriver.execute(RemoteWebDriver.java:543)
at org.openqa.selenium.remote.RemoteWebDriver.execute(RemoteWebDriver.java:598)
at org.openqa.selenium.remote.RemoteWebDriver.execute(RemoteWebDriver.java:602)
at org.openqa.selenium.remote.RemoteWebDriver.getScreenshotAs(RemoteWebDriver.java:318)
at Commons.CommonFunc.screenShot(CommonFunc.java:29)
at Commons.CommonService.saveAttachment(CommonService.java:87)
at sun.reflect.NativeMethodAccessorImpl.invoke0(Native Method)
at sun.reflect.NativeMethodAccessorImpl.invoke(Unknown Source)
at sun.reflect.DelegatingMethodAccessorImpl.invoke(Unknown Source)
at java.lang.reflect.Method.invoke(Unknown Source)
at org.testng.internal.MethodInvocationHelper.invokeMethod(MethodInvocationHelper.java:133)
at org.testng.internal.MethodInvocationHelper.invokeMethodConsideringTimeout(MethodInvocationHelper.java:62)
at org.testng.internal.ConfigInvoker.invokeConfigurationMethod(ConfigInvoker.java:385)
at org.testng.internal.ConfigInvoker.invokeConfigurations(ConfigInvoker.java:321)
at org.testng.internal.TestInvoker.runConfigMethods(TestInvoker.java:700)
at org.testng.internal.TestInvoker.runAfterGroupsConfigurations(TestInvoker.java:676)
at org.testng.internal.TestInvoker.invokeMethod(TestInvoker.java:660)
at org.testng.internal.TestInvoker.invokeTestMethod(TestInvoker.java:173)
at org.testng.internal.MethodRunner.runInSequence(MethodRunner.java:46)
at org.testng.internal.TestInvoker$MethodInvocationAgent.invoke(TestInvoker.java:824)
at org.testng.internal.TestInvoker.invokeTestMethods(TestInvoker.java:146)
at org.testng.internal.TestMethodWorker.invokeTestMethods(TestMethodWorker.java:146)
at org.testng.internal.TestMethodWorker.run(TestMethodWorker.java:128)
at java.util.ArrayList.forEach(Unknown Source)
at org.testng.TestRunner.privateRun(TestRunner.java:794)
at org.testng.TestRunner.run(TestRunner.java:596)
at org.testng.SuiteRunner.runTest(SuiteRunner.java:377)
at org.testng.SuiteRunner.runSequentially(SuiteRunner.java:371)
at org.testng.SuiteRunner.privateRun(SuiteRunner.java:332)
at org.testng.SuiteRunner.run(SuiteRunner.java:276)
at org.testng.SuiteRunnerWorker.runSuite(SuiteRunnerWorker.java:53)
at org.testng.SuiteRunnerWorker.run(SuiteRunnerWorker.java:96)
at org.testng.TestNG.runSuitesSequentially(TestNG.java:1212)
at org.testng.TestNG.runSuitesLocally(TestNG.java:1134)
at org.testng.TestNG.runSuites(TestNG.java:1063)
at org.testng.TestNG.run(TestNG.java:1031)
at org.testng.remote.AbstractRemoteTestNG.run(AbstractRemoteTestNG.java:115)
at org.testng.remote.RemoteTestNG.initAndRun(RemoteTestNG.java:251)
at org.testng.remote.RemoteTestNG.main(RemoteTestNG.java:77)
]]>
    </error>
  </testcase> <!-- saveAttachment -->
  <system-out/>
</testsuite> <!-- Vluong_Day11.LoginUser -->
